<?xml version="1.0" encoding="UTF-8"?>
<robot generator="Robot 4.0 (Python 3.9.2 on win32)" generated="20210331 15:58:48.229" rpa="false" schemaversion="2">
<suite id="s1" name="Tests" source="C:\Users\55129\Documents\Projetos\WebTesting\tests">
<suite id="s1-s1" name="loginTest" source="C:\Users\55129\Documents\Projetos\WebTesting\tests\loginTest.robot">
<test id="s1-s1-t1" name="CT02: Validar exceções de login">
<kw name="Abrir navegador" library="common" type="SETUP">
<kw name="Open Browser" library="SeleniumLibrary">
<arg>about:blank</arg>
<arg>${BROWSER}</arg>
<doc>Opens a new browser instance to the optional ``url``.</doc>
<msg timestamp="20210331 15:58:48.407" level="INFO">Opening browser 'headlesschrome' to base url 'about:blank'.</msg>
<status status="PASS" starttime="20210331 15:58:48.407" endtime="20210331 15:58:49.559"/>
</kw>
<kw name="Maximize Browser Window" library="SeleniumLibrary">
<doc>Maximizes current browser window.</doc>
<status status="PASS" starttime="20210331 15:58:49.560" endtime="20210331 15:58:49.666"/>
</kw>
<status status="PASS" starttime="20210331 15:58:48.407" endtime="20210331 15:58:49.666"/>
</kw>
<kw name="Combinações de logins">
<arg>automation1@teste.com</arg>
<arg>123456</arg>
<arg>Authentication failed.</arg>
<kw name="Dado que estou na aplicação">
<kw name="Acessar a página login aplicação" library="login">
<kw name="Go To" library="SeleniumLibrary">
<arg>${URL}</arg>
<doc>Navigates the current browser window to the provided ``url``.</doc>
<msg timestamp="20210331 15:58:49.668" level="INFO">Opening url 'http://automationpractice.com/index.php?controller=authentication&amp;back=my-account'</msg>
<status status="PASS" starttime="20210331 15:58:49.667" endtime="20210331 15:58:55.285"/>
</kw>
<kw name="Title Should Be" library="SeleniumLibrary">
<arg>${MY_ACCOUNT_TITLE}</arg>
<doc>Verifies that the current page title equals ``title``.</doc>
<msg timestamp="20210331 15:58:55.289" level="INFO">Page title is 'Login - My Store'.</msg>
<status status="PASS" starttime="20210331 15:58:55.285" endtime="20210331 15:58:55.289"/>
</kw>
<status status="PASS" starttime="20210331 15:58:49.667" endtime="20210331 15:58:55.289"/>
</kw>
<status status="PASS" starttime="20210331 15:58:49.667" endtime="20210331 15:58:55.289"/>
</kw>
<kw name="Quando preencher o campo email ${EMAIL} e ${PASSWORD} para confirmar login" sourcename="Quando preencher o campo email ${EMAIL} e ${PASSWORD} para confirmar login">
<kw name="Realizar login" library="login">
<arg>${EMAIL}</arg>
<arg>${PASSWORD}</arg>
<kw name="Wait Until Element Is Visible" library="SeleniumLibrary">
<arg>${EMAIL_INPUT}</arg>
<doc>Waits until the element ``locator`` is visible.</doc>
<status status="PASS" starttime="20210331 15:58:55.290" endtime="20210331 15:58:55.311"/>
</kw>
<kw name="Input Text" library="SeleniumLibrary">
<arg>${EMAIL_INPUT}</arg>
<arg>${EMAIL}</arg>
<doc>Types the given ``text`` into the text field identified by ``locator``.</doc>
<msg timestamp="20210331 15:58:55.311" level="INFO">Typing text 'automation1@teste.com' into text field 'id=email'.</msg>
<status status="PASS" starttime="20210331 15:58:55.311" endtime="20210331 15:58:55.371"/>
</kw>
<kw name="Wait Until Element Is Visible" library="SeleniumLibrary">
<arg>${PASSWORD_INPUT}</arg>
<doc>Waits until the element ``locator`` is visible.</doc>
<status status="PASS" starttime="20210331 15:58:55.371" endtime="20210331 15:58:55.390"/>
</kw>
<kw name="Input Text" library="SeleniumLibrary">
<arg>${PASSWORD_INPUT}</arg>
<arg>${PASSWORD}</arg>
<doc>Types the given ``text`` into the text field identified by ``locator``.</doc>
<msg timestamp="20210331 15:58:55.390" level="INFO">Typing text '123456' into text field 'id=passwd'.</msg>
<status status="PASS" starttime="20210331 15:58:55.390" endtime="20210331 15:58:55.442"/>
</kw>
<kw name="Click Button" library="SeleniumLibrary">
<arg>${SIGIN_BUTTON}</arg>
<doc>Clicks the button identified by ``locator``.</doc>
<msg timestamp="20210331 15:58:55.442" level="INFO">Clicking button 'id=SubmitLogin'.</msg>
<status status="PASS" starttime="20210331 15:58:55.442" endtime="20210331 15:58:57.553"/>
</kw>
<status status="PASS" starttime="20210331 15:58:55.289" endtime="20210331 15:58:57.554"/>
</kw>
<status status="PASS" starttime="20210331 15:58:55.289" endtime="20210331 15:58:57.554"/>
</kw>
<kw name="Então uma mensagem ${MESSAGE} de exceção deve ser exibida" sourcename="Então uma mensagem ${MESSAGE} de exceção deve ser exibida">
<kw name="Verificar mensagem de exceção" library="login">
<arg>${MESSAGE}</arg>
<kw name="Wait Until Element Is Visible" library="SeleniumLibrary">
<arg>${EXPECTION_LOGIN_MESSAGE}</arg>
<doc>Waits until the element ``locator`` is visible.</doc>
<status status="PASS" starttime="20210331 15:58:57.554" endtime="20210331 15:58:57.571"/>
</kw>
<kw name="Get Text" library="SeleniumLibrary">
<var>${ACTUAL_EXCEPTION_MESSAGE}</var>
<arg>${EXPECTION_LOGIN_MESSAGE}</arg>
<doc>Returns the text value of the element identified by ``locator``.</doc>
<msg timestamp="20210331 15:58:57.583" level="INFO">${ACTUAL_EXCEPTION_MESSAGE} = Authentication failed.</msg>
<status status="PASS" starttime="20210331 15:58:57.571" endtime="20210331 15:58:57.583"/>
</kw>
<kw name="Should Be Equal As Strings" library="BuiltIn">
<arg>${EXPECTED_MESSAGE}</arg>
<arg>${ACTUAL_EXCEPTION_MESSAGE}</arg>
<doc>Fails if objects are unequal after converting them to strings.</doc>
<status status="PASS" starttime="20210331 15:58:57.583" endtime="20210331 15:58:57.584"/>
</kw>
<status status="PASS" starttime="20210331 15:58:57.554" endtime="20210331 15:58:57.584"/>
</kw>
<status status="PASS" starttime="20210331 15:58:57.554" endtime="20210331 15:58:57.584"/>
</kw>
<status status="PASS" starttime="20210331 15:58:49.667" endtime="20210331 15:58:57.584"/>
</kw>
<kw name="Combinações de logins">
<arg>automation2@teste.com</arg>
<arg>12345</arg>
<arg>Authentication failed.</arg>
<kw name="Dado que estou na aplicação">
<kw name="Acessar a página login aplicação" library="login">
<kw name="Go To" library="SeleniumLibrary">
<arg>${URL}</arg>
<doc>Navigates the current browser window to the provided ``url``.</doc>
<msg timestamp="20210331 15:58:57.585" level="INFO">Opening url 'http://automationpractice.com/index.php?controller=authentication&amp;back=my-account'</msg>
<status status="PASS" starttime="20210331 15:58:57.585" endtime="20210331 15:59:00.280"/>
</kw>
<kw name="Title Should Be" library="SeleniumLibrary">
<arg>${MY_ACCOUNT_TITLE}</arg>
<doc>Verifies that the current page title equals ``title``.</doc>
<msg timestamp="20210331 15:59:00.284" level="INFO">Page title is 'Login - My Store'.</msg>
<status status="PASS" starttime="20210331 15:59:00.281" endtime="20210331 15:59:00.284"/>
</kw>
<status status="PASS" starttime="20210331 15:58:57.585" endtime="20210331 15:59:00.284"/>
</kw>
<status status="PASS" starttime="20210331 15:58:57.585" endtime="20210331 15:59:00.284"/>
</kw>
<kw name="Quando preencher o campo email ${EMAIL} e ${PASSWORD} para confirmar login" sourcename="Quando preencher o campo email ${EMAIL} e ${PASSWORD} para confirmar login">
<kw name="Realizar login" library="login">
<arg>${EMAIL}</arg>
<arg>${PASSWORD}</arg>
<kw name="Wait Until Element Is Visible" library="SeleniumLibrary">
<arg>${EMAIL_INPUT}</arg>
<doc>Waits until the element ``locator`` is visible.</doc>
<status status="PASS" starttime="20210331 15:59:00.285" endtime="20210331 15:59:00.298"/>
</kw>
<kw name="Input Text" library="SeleniumLibrary">
<arg>${EMAIL_INPUT}</arg>
<arg>${EMAIL}</arg>
<doc>Types the given ``text`` into the text field identified by ``locator``.</doc>
<msg timestamp="20210331 15:59:00.298" level="INFO">Typing text 'automation2@teste.com' into text field 'id=email'.</msg>
<status status="PASS" starttime="20210331 15:59:00.298" endtime="20210331 15:59:00.352"/>
</kw>
<kw name="Wait Until Element Is Visible" library="SeleniumLibrary">
<arg>${PASSWORD_INPUT}</arg>
<doc>Waits until the element ``locator`` is visible.</doc>
<status status="PASS" starttime="20210331 15:59:00.352" endtime="20210331 15:59:00.365"/>
</kw>
<kw name="Input Text" library="SeleniumLibrary">
<arg>${PASSWORD_INPUT}</arg>
<arg>${PASSWORD}</arg>
<doc>Types the given ``text`` into the text field identified by ``locator``.</doc>
<msg timestamp="20210331 15:59:00.365" level="INFO">Typing text '12345' into text field 'id=passwd'.</msg>
<status status="PASS" starttime="20210331 15:59:00.365" endtime="20210331 15:59:00.415"/>
</kw>
<kw name="Click Button" library="SeleniumLibrary">
<arg>${SIGIN_BUTTON}</arg>
<doc>Clicks the button identified by ``locator``.</doc>
<msg timestamp="20210331 15:59:00.416" level="INFO">Clicking button 'id=SubmitLogin'.</msg>
<status status="PASS" starttime="20210331 15:59:00.415" endtime="20210331 15:59:01.232"/>
</kw>
<status status="PASS" starttime="20210331 15:59:00.284" endtime="20210331 15:59:01.232"/>
</kw>
<status status="PASS" starttime="20210331 15:59:00.284" endtime="20210331 15:59:01.232"/>
</kw>
<kw name="Então uma mensagem ${MESSAGE} de exceção deve ser exibida" sourcename="Então uma mensagem ${MESSAGE} de exceção deve ser exibida">
<kw name="Verificar mensagem de exceção" library="login">
<arg>${MESSAGE}</arg>
<kw name="Wait Until Element Is Visible" library="SeleniumLibrary">
<arg>${EXPECTION_LOGIN_MESSAGE}</arg>
<doc>Waits until the element ``locator`` is visible.</doc>
<status status="PASS" starttime="20210331 15:59:01.233" endtime="20210331 15:59:01.246"/>
</kw>
<kw name="Get Text" library="SeleniumLibrary">
<var>${ACTUAL_EXCEPTION_MESSAGE}</var>
<arg>${EXPECTION_LOGIN_MESSAGE}</arg>
<doc>Returns the text value of the element identified by ``locator``.</doc>
<msg timestamp="20210331 15:59:01.258" level="INFO">${ACTUAL_EXCEPTION_MESSAGE} = Authentication failed.</msg>
<status status="PASS" starttime="20210331 15:59:01.246" endtime="20210331 15:59:01.258"/>
</kw>
<kw name="Should Be Equal As Strings" library="BuiltIn">
<arg>${EXPECTED_MESSAGE}</arg>
<arg>${ACTUAL_EXCEPTION_MESSAGE}</arg>
<doc>Fails if objects are unequal after converting them to strings.</doc>
<status status="PASS" starttime="20210331 15:59:01.258" endtime="20210331 15:59:01.259"/>
</kw>
<status status="PASS" starttime="20210331 15:59:01.233" endtime="20210331 15:59:01.259"/>
</kw>
<status status="PASS" starttime="20210331 15:59:01.232" endtime="20210331 15:59:01.259"/>
</kw>
<status status="PASS" starttime="20210331 15:58:57.584" endtime="20210331 15:59:01.259"/>
</kw>
<kw name="Combinações de logins">
<arg>${EMPTY}</arg>
<arg>12345</arg>
<arg>An email address required.</arg>
<kw name="Dado que estou na aplicação">
<kw name="Acessar a página login aplicação" library="login">
<kw name="Go To" library="SeleniumLibrary">
<arg>${URL}</arg>
<doc>Navigates the current browser window to the provided ``url``.</doc>
<msg timestamp="20210331 15:59:01.260" level="INFO">Opening url 'http://automationpractice.com/index.php?controller=authentication&amp;back=my-account'</msg>
<status status="PASS" starttime="20210331 15:59:01.260" endtime="20210331 15:59:02.058"/>
</kw>
<kw name="Title Should Be" library="SeleniumLibrary">
<arg>${MY_ACCOUNT_TITLE}</arg>
<doc>Verifies that the current page title equals ``title``.</doc>
<msg timestamp="20210331 15:59:02.061" level="INFO">Page title is 'Login - My Store'.</msg>
<status status="PASS" starttime="20210331 15:59:02.058" endtime="20210331 15:59:02.062"/>
</kw>
<status status="PASS" starttime="20210331 15:59:01.260" endtime="20210331 15:59:02.062"/>
</kw>
<status status="PASS" starttime="20210331 15:59:01.260" endtime="20210331 15:59:02.062"/>
</kw>
<kw name="Quando preencher o campo email ${EMAIL} e ${PASSWORD} para confirmar login" sourcename="Quando preencher o campo email ${EMAIL} e ${PASSWORD} para confirmar login">
<kw name="Realizar login" library="login">
<arg>${EMAIL}</arg>
<arg>${PASSWORD}</arg>
<kw name="Wait Until Element Is Visible" library="SeleniumLibrary">
<arg>${EMAIL_INPUT}</arg>
<doc>Waits until the element ``locator`` is visible.</doc>
<status status="PASS" starttime="20210331 15:59:02.062" endtime="20210331 15:59:02.075"/>
</kw>
<kw name="Input Text" library="SeleniumLibrary">
<arg>${EMAIL_INPUT}</arg>
<arg>${EMAIL}</arg>
<doc>Types the given ``text`` into the text field identified by ``locator``.</doc>
<msg timestamp="20210331 15:59:02.075" level="INFO">Typing text '' into text field 'id=email'.</msg>
<status status="PASS" starttime="20210331 15:59:02.075" endtime="20210331 15:59:02.118"/>
</kw>
<kw name="Wait Until Element Is Visible" library="SeleniumLibrary">
<arg>${PASSWORD_INPUT}</arg>
<doc>Waits until the element ``locator`` is visible.</doc>
<status status="PASS" starttime="20210331 15:59:02.118" endtime="20210331 15:59:02.130"/>
</kw>
<kw name="Input Text" library="SeleniumLibrary">
<arg>${PASSWORD_INPUT}</arg>
<arg>${PASSWORD}</arg>
<doc>Types the given ``text`` into the text field identified by ``locator``.</doc>
<msg timestamp="20210331 15:59:02.131" level="INFO">Typing text '12345' into text field 'id=passwd'.</msg>
<status status="PASS" starttime="20210331 15:59:02.131" endtime="20210331 15:59:02.178"/>
</kw>
<kw name="Click Button" library="SeleniumLibrary">
<arg>${SIGIN_BUTTON}</arg>
<doc>Clicks the button identified by ``locator``.</doc>
<msg timestamp="20210331 15:59:02.179" level="INFO">Clicking button 'id=SubmitLogin'.</msg>
<status status="PASS" starttime="20210331 15:59:02.179" endtime="20210331 15:59:03.098"/>
</kw>
<status status="PASS" starttime="20210331 15:59:02.062" endtime="20210331 15:59:03.098"/>
</kw>
<status status="PASS" starttime="20210331 15:59:02.062" endtime="20210331 15:59:03.098"/>
</kw>
<kw name="Então uma mensagem ${MESSAGE} de exceção deve ser exibida" sourcename="Então uma mensagem ${MESSAGE} de exceção deve ser exibida">
<kw name="Verificar mensagem de exceção" library="login">
<arg>${MESSAGE}</arg>
<kw name="Wait Until Element Is Visible" library="SeleniumLibrary">
<arg>${EXPECTION_LOGIN_MESSAGE}</arg>
<doc>Waits until the element ``locator`` is visible.</doc>
<status status="PASS" starttime="20210331 15:59:03.099" endtime="20210331 15:59:03.111"/>
</kw>
<kw name="Get Text" library="SeleniumLibrary">
<var>${ACTUAL_EXCEPTION_MESSAGE}</var>
<arg>${EXPECTION_LOGIN_MESSAGE}</arg>
<doc>Returns the text value of the element identified by ``locator``.</doc>
<msg timestamp="20210331 15:59:03.123" level="INFO">${ACTUAL_EXCEPTION_MESSAGE} = An email address required.</msg>
<status status="PASS" starttime="20210331 15:59:03.111" endtime="20210331 15:59:03.123"/>
</kw>
<kw name="Should Be Equal As Strings" library="BuiltIn">
<arg>${EXPECTED_MESSAGE}</arg>
<arg>${ACTUAL_EXCEPTION_MESSAGE}</arg>
<doc>Fails if objects are unequal after converting them to strings.</doc>
<status status="PASS" starttime="20210331 15:59:03.123" endtime="20210331 15:59:03.124"/>
</kw>
<status status="PASS" starttime="20210331 15:59:03.098" endtime="20210331 15:59:03.124"/>
</kw>
<status status="PASS" starttime="20210331 15:59:03.098" endtime="20210331 15:59:03.124"/>
</kw>
<status status="PASS" starttime="20210331 15:59:01.259" endtime="20210331 15:59:03.124"/>
</kw>
<kw name="Combinações de logins">
<arg>automation1@teste.com</arg>
<arg>${EMPTY}</arg>
<arg>Password is required.</arg>
<kw name="Dado que estou na aplicação">
<kw name="Acessar a página login aplicação" library="login">
<kw name="Go To" library="SeleniumLibrary">
<arg>${URL}</arg>
<doc>Navigates the current browser window to the provided ``url``.</doc>
<msg timestamp="20210331 15:59:03.125" level="INFO">Opening url 'http://automationpractice.com/index.php?controller=authentication&amp;back=my-account'</msg>
<status status="PASS" starttime="20210331 15:59:03.125" endtime="20210331 15:59:04.120"/>
</kw>
<kw name="Title Should Be" library="SeleniumLibrary">
<arg>${MY_ACCOUNT_TITLE}</arg>
<doc>Verifies that the current page title equals ``title``.</doc>
<msg timestamp="20210331 15:59:04.123" level="INFO">Page title is 'Login - My Store'.</msg>
<status status="PASS" starttime="20210331 15:59:04.120" endtime="20210331 15:59:04.123"/>
</kw>
<status status="PASS" starttime="20210331 15:59:03.125" endtime="20210331 15:59:04.124"/>
</kw>
<status status="PASS" starttime="20210331 15:59:03.125" endtime="20210331 15:59:04.124"/>
</kw>
<kw name="Quando preencher o campo email ${EMAIL} e ${PASSWORD} para confirmar login" sourcename="Quando preencher o campo email ${EMAIL} e ${PASSWORD} para confirmar login">
<kw name="Realizar login" library="login">
<arg>${EMAIL}</arg>
<arg>${PASSWORD}</arg>
<kw name="Wait Until Element Is Visible" library="SeleniumLibrary">
<arg>${EMAIL_INPUT}</arg>
<doc>Waits until the element ``locator`` is visible.</doc>
<status status="PASS" starttime="20210331 15:59:04.124" endtime="20210331 15:59:04.136"/>
</kw>
<kw name="Input Text" library="SeleniumLibrary">
<arg>${EMAIL_INPUT}</arg>
<arg>${EMAIL}</arg>
<doc>Types the given ``text`` into the text field identified by ``locator``.</doc>
<msg timestamp="20210331 15:59:04.137" level="INFO">Typing text 'automation1@teste.com' into text field 'id=email'.</msg>
<status status="PASS" starttime="20210331 15:59:04.136" endtime="20210331 15:59:04.197"/>
</kw>
<kw name="Wait Until Element Is Visible" library="SeleniumLibrary">
<arg>${PASSWORD_INPUT}</arg>
<doc>Waits until the element ``locator`` is visible.</doc>
<status status="PASS" starttime="20210331 15:59:04.197" endtime="20210331 15:59:04.214"/>
</kw>
<kw name="Input Text" library="SeleniumLibrary">
<arg>${PASSWORD_INPUT}</arg>
<arg>${PASSWORD}</arg>
<doc>Types the given ``text`` into the text field identified by ``locator``.</doc>
<msg timestamp="20210331 15:59:04.215" level="INFO">Typing text '' into text field 'id=passwd'.</msg>
<status status="PASS" starttime="20210331 15:59:04.214" endtime="20210331 15:59:04.268"/>
</kw>
<kw name="Click Button" library="SeleniumLibrary">
<arg>${SIGIN_BUTTON}</arg>
<doc>Clicks the button identified by ``locator``.</doc>
<msg timestamp="20210331 15:59:04.268" level="INFO">Clicking button 'id=SubmitLogin'.</msg>
<status status="PASS" starttime="20210331 15:59:04.268" endtime="20210331 15:59:05.295"/>
</kw>
<status status="PASS" starttime="20210331 15:59:04.124" endtime="20210331 15:59:05.296"/>
</kw>
<status status="PASS" starttime="20210331 15:59:04.124" endtime="20210331 15:59:05.296"/>
</kw>
<kw name="Então uma mensagem ${MESSAGE} de exceção deve ser exibida" sourcename="Então uma mensagem ${MESSAGE} de exceção deve ser exibida">
<kw name="Verificar mensagem de exceção" library="login">
<arg>${MESSAGE}</arg>
<kw name="Wait Until Element Is Visible" library="SeleniumLibrary">
<arg>${EXPECTION_LOGIN_MESSAGE}</arg>
<doc>Waits until the element ``locator`` is visible.</doc>
<status status="PASS" starttime="20210331 15:59:05.296" endtime="20210331 15:59:05.309"/>
</kw>
<kw name="Get Text" library="SeleniumLibrary">
<var>${ACTUAL_EXCEPTION_MESSAGE}</var>
<arg>${EXPECTION_LOGIN_MESSAGE}</arg>
<doc>Returns the text value of the element identified by ``locator``.</doc>
<msg timestamp="20210331 15:59:05.321" level="INFO">${ACTUAL_EXCEPTION_MESSAGE} = Password is required.</msg>
<status status="PASS" starttime="20210331 15:59:05.309" endtime="20210331 15:59:05.321"/>
</kw>
<kw name="Should Be Equal As Strings" library="BuiltIn">
<arg>${EXPECTED_MESSAGE}</arg>
<arg>${ACTUAL_EXCEPTION_MESSAGE}</arg>
<doc>Fails if objects are unequal after converting them to strings.</doc>
<status status="PASS" starttime="20210331 15:59:05.321" endtime="20210331 15:59:05.321"/>
</kw>
<status status="PASS" starttime="20210331 15:59:05.296" endtime="20210331 15:59:05.321"/>
</kw>
<status status="PASS" starttime="20210331 15:59:05.296" endtime="20210331 15:59:05.321"/>
</kw>
<status status="PASS" starttime="20210331 15:59:03.124" endtime="20210331 15:59:05.321"/>
</kw>
<kw name="Fechar navegador" library="common" type="TEARDOWN">
<kw name="Close Browser" library="SeleniumLibrary">
<doc>Closes the current browser.</doc>
<status status="PASS" starttime="20210331 15:59:05.322" endtime="20210331 15:59:07.419"/>
</kw>
<status status="PASS" starttime="20210331 15:59:05.322" endtime="20210331 15:59:07.419"/>
</kw>
<status status="PASS" starttime="20210331 15:58:48.406" endtime="20210331 15:59:07.419"/>
</test>
<status status="PASS" starttime="20210331 15:58:48.248" endtime="20210331 15:59:07.420"/>
</suite>
<status status="PASS" starttime="20210331 15:58:48.231" endtime="20210331 15:59:07.422"/>
</suite>
<statistics>
<total>
<stat pass="1" fail="0" skip="0">All Tests</stat>
</total>
<tag>
</tag>
<suite>
<stat pass="1" fail="0" skip="0" id="s1" name="Tests">Tests</stat>
<stat pass="1" fail="0" skip="0" id="s1-s1" name="loginTest">Tests.loginTest</stat>
</suite>
</statistics>
<errors>
</errors>
</robot>
